<?xml version="1.0" encoding="UTF-8"?>
<!-- Generated by org.testng.reporters.JUnitXMLReporter -->
<testsuite ignored="2" hostname="DESKTOP-T4MFR2V" failures="2" tests="8" name="Default test(failed)" time="0.118" errors="0" timestamp="25 Apr 2023 14:02:43 GMT">
  <testcase classname="TestNGFramwork.TestNGSevenPm.AssertionTest" name="test1" time="0.016">
    <skipped/>
  </testcase> <!-- test1 -->
  <testcase classname="TestNGFramwork.TestNGSevenPm.AssertionTest" name="test1" time="0.007">
    <skipped/>
  </testcase> <!-- test1 -->
  <testcase classname="TestNGFramwork.TestNGSevenPm.AssertionTest" name="test1" time="0.006">
    <skipped/>
  </testcase> <!-- test1 -->
  <testcase classname="TestNGFramwork.TestNGSevenPm.AssertionTest" name="test1" time="0.004">
    <failure type="java.lang.AssertionError" message="expected [Selenium ] but found [Java]">
      <![CDATA[java.lang.AssertionError: expected [Selenium ] but found [Java]
at TestNGFramwork.TestNGSevenPm.AssertionTest.test1(AssertionTest.java:20)
... Removed 31 stack frames]]>
    </failure>
  </testcase> <!-- test1 -->
  <testcase classname="TestNGFramwork.TestNGSevenPm.AssertionTest" name="test3" time="0.006">
    <skipped/>
  </testcase> <!-- test3 -->
  <testcase classname="TestNGFramwork.TestNGSevenPm.AssertionTest" name="test3" time="0.005">
    <skipped/>
  </testcase> <!-- test3 -->
  <testcase classname="TestNGFramwork.TestNGSevenPm.AssertionTest" name="test3" time="0.001">
    <skipped/>
  </testcase> <!-- test3 -->
  <testcase classname="TestNGFramwork.TestNGSevenPm.AssertionTest" name="test3" time="0.005">
    <failure type="java.lang.AssertionError" message="The following asserts failed:
	expected [TestNG] but found [Cucumber]">
      <![CDATA[java.lang.AssertionError: The following asserts failed:
expected [TestNG] but found [Cucumber]
at TestNGFramwork.TestNGSevenPm.AssertionTest.test3(AssertionTest.java:49)
... Removed 26 stack frames]]>
    </failure>
  </testcase> <!-- test3 -->
  <testcase classname="TestNGFramwork.TestNGSevenPm.AssertionTest" name="test2" time="0.0">
    <ignored/>
  </testcase> <!-- test2 -->
  <testcase classname="TestNGFramwork.TestNGSevenPm.AssertionTest" name="test4" time="0.0">
    <ignored/>
  </testcase> <!-- test4 -->
</testsuite> <!-- Default test(failed) -->
