<html>
<head>
<title>TestNG:  Test</title>
<link href="../testng.css" rel="stylesheet" type="text/css" />
<link href="../my-testng.css" rel="stylesheet" type="text/css" />

<style type="text/css">
.log { display: none;} 
.stack-trace { display: none;} 
</style>
<script type="text/javascript">
<!--
function flip(e) {
  current = e.style.display;
  if (current == 'block') {
    e.style.display = 'none';
    return 0;
  }
  else {
    e.style.display = 'block';
    return 1;
  }
}

function toggleBox(szDivId, elem, msg1, msg2)
{
  var res = -1;  if (document.getElementById) {
    res = flip(document.getElementById(szDivId));
  }
  else if (document.all) {
    // this is the way old msie versions work
    res = flip(document.all[szDivId]);
  }
  if(elem) {
    if(res == 0) elem.innerHTML = msg1; else elem.innerHTML = msg2;
  }

}

function toggleAllBoxes() {
  if (document.getElementsByTagName) {
    d = document.getElementsByTagName('div');
    for (i = 0; i < d.length; i++) {
      if (d[i].className == 'log') {
        flip(d[i]);
      }
    }
  }
}

// -->
</script>

</head>
<body>
<h2 align='center'>Test</h2><table border='1' align="center">
<tr>
<td>Tests passed/Failed/Skipped:</td><td>40/3/10</td>
</tr><tr>
<td>Started on:</td><td>Tue Apr 25 19:38:24 IST 2023</td>
</tr>
<tr><td>Total time:</td><td>105 seconds (105925 ms)</td>
</tr><tr>
<td>Included groups:</td><td></td>
</tr><tr>
<td>Excluded groups:</td><td></td>
</tr>
</table><p/>
<small><i>(Hover the method name to see the test class name)</i></small><p/>
<table width='100%' border='1' class='invocation-failed'>
<tr><td colspan='4' align='center'><b>FAILED TESTS</b></td></tr>
<tr><td><b>Test method</b></td>
<td width="30%"><b>Exception</b></td>
<td width="10%"><b>Time (seconds)</b></td>
<td><b>Instance</b></td>
</tr>
<tr>
<td title='TestNGFramwork.TestNGSevenPm.AssertionTest.test1()'><b>test1</b><br>Test class: TestNGFramwork.TestNGSevenPm.AssertionTest</td>
<td><div><pre>java.lang.AssertionError: expected [Selenium ] but found [Java]
	at TestNGFramwork.TestNGSevenPm.AssertionTest.test1(AssertionTest.java:20)
... Removed 31 stack frames</pre></div><a href='#' onClick='toggleBox("stack-trace67573741", this, "Click to show all stack frames", "Click to hide stack frames")'>Click to show all stack frames</a>
<div class='stack-trace' id='stack-trace67573741'><pre>java.lang.AssertionError: expected [Selenium ] but found [Java]
	at org.testng.Assert.fail(Assert.java:96)
	at org.testng.Assert.failNotEquals(Assert.java:776)
	at org.testng.Assert.assertEqualsImpl(Assert.java:137)
	at org.testng.Assert.assertEquals(Assert.java:118)
	at org.testng.Assert.assertEquals(Assert.java:453)
	at org.testng.Assert.assertEquals(Assert.java:463)
	at TestNGFramwork.TestNGSevenPm.AssertionTest.test1(AssertionTest.java:20)
	at java.base/jdk.internal.reflect.NativeMethodAccessorImpl.invoke0(Native Method)
	at java.base/jdk.internal.reflect.NativeMethodAccessorImpl.invoke(NativeMethodAccessorImpl.java:77)
	at java.base/jdk.internal.reflect.DelegatingMethodAccessorImpl.invoke(DelegatingMethodAccessorImpl.java:43)
	at java.base/java.lang.reflect.Method.invoke(Method.java:568)
	at org.testng.internal.MethodInvocationHelper.invokeMethod(MethodInvocationHelper.java:124)
	at org.testng.internal.Invoker.invokeMethod(Invoker.java:583)
	at org.testng.internal.Invoker.retryFailed(Invoker.java:839)
	at org.testng.internal.Invoker.invokeTestMethods(Invoker.java:1010)
	at org.testng.internal.TestMethodWorker.invokeTestMethods(TestMethodWorker.java:125)
	at org.testng.internal.TestMethodWorker.run(TestMethodWorker.java:109)
	at org.testng.TestRunner.privateRun(TestRunner.java:648)
	at org.testng.TestRunner.run(TestRunner.java:505)
	at org.testng.SuiteRunner.runTest(SuiteRunner.java:455)
	at org.testng.SuiteRunner.runSequentially(SuiteRunner.java:450)
	at org.testng.SuiteRunner.privateRun(SuiteRunner.java:415)
	at org.testng.SuiteRunner.run(SuiteRunner.java:364)
	at org.testng.SuiteRunnerWorker.runSuite(SuiteRunnerWorker.java:52)
	at org.testng.SuiteRunnerWorker.run(SuiteRunnerWorker.java:84)
	at org.testng.TestNG.runSuitesSequentially(TestNG.java:1208)
	at org.testng.TestNG.runSuitesLocally(TestNG.java:1137)
	at org.testng.TestNG.runSuites(TestNG.java:1049)
	at org.testng.TestNG.run(TestNG.java:1017)
	at org.testng.remote.AbstractRemoteTestNG.run(AbstractRemoteTestNG.java:115)
	at org.testng.remote.RemoteTestNG.initAndRun(RemoteTestNG.java:251)
	at org.testng.remote.RemoteTestNG.main(RemoteTestNG.java:77)
</pre></div></td>
<td>0</td>
<td>TestNGFramwork.TestNGSevenPm.AssertionTest@78d6692f</td></tr>
<tr>
<td title='TestNGFramwork.TestNGSevenPm.AssertionTest.test3()'><b>test3</b><br>Test class: TestNGFramwork.TestNGSevenPm.AssertionTest</td>
<td><div><pre>java.lang.AssertionError: The following asserts failed:
	expected [TestNG] but found [Cucumber]
	at TestNGFramwork.TestNGSevenPm.AssertionTest.test3(AssertionTest.java:49)
... Removed 26 stack frames</pre></div><a href='#' onClick='toggleBox("stack-trace830687787", this, "Click to show all stack frames", "Click to hide stack frames")'>Click to show all stack frames</a>
<div class='stack-trace' id='stack-trace830687787'><pre>java.lang.AssertionError: The following asserts failed:
	expected [TestNG] but found [Cucumber]
	at org.testng.asserts.SoftAssert.assertAll(SoftAssert.java:43)
	at TestNGFramwork.TestNGSevenPm.AssertionTest.test3(AssertionTest.java:49)
	at java.base/jdk.internal.reflect.NativeMethodAccessorImpl.invoke0(Native Method)
	at java.base/jdk.internal.reflect.NativeMethodAccessorImpl.invoke(NativeMethodAccessorImpl.java:77)
	at java.base/jdk.internal.reflect.DelegatingMethodAccessorImpl.invoke(DelegatingMethodAccessorImpl.java:43)
	at java.base/java.lang.reflect.Method.invoke(Method.java:568)
	at org.testng.internal.MethodInvocationHelper.invokeMethod(MethodInvocationHelper.java:124)
	at org.testng.internal.Invoker.invokeMethod(Invoker.java:583)
	at org.testng.internal.Invoker.retryFailed(Invoker.java:839)
	at org.testng.internal.Invoker.invokeTestMethods(Invoker.java:1010)
	at org.testng.internal.TestMethodWorker.invokeTestMethods(TestMethodWorker.java:125)
	at org.testng.internal.TestMethodWorker.run(TestMethodWorker.java:109)
	at org.testng.TestRunner.privateRun(TestRunner.java:648)
	at org.testng.TestRunner.run(TestRunner.java:505)
	at org.testng.SuiteRunner.runTest(SuiteRunner.java:455)
	at org.testng.SuiteRunner.runSequentially(SuiteRunner.java:450)
	at org.testng.SuiteRunner.privateRun(SuiteRunner.java:415)
	at org.testng.SuiteRunner.run(SuiteRunner.java:364)
	at org.testng.SuiteRunnerWorker.runSuite(SuiteRunnerWorker.java:52)
	at org.testng.SuiteRunnerWorker.run(SuiteRunnerWorker.java:84)
	at org.testng.TestNG.runSuitesSequentially(TestNG.java:1208)
	at org.testng.TestNG.runSuitesLocally(TestNG.java:1137)
	at org.testng.TestNG.runSuites(TestNG.java:1049)
	at org.testng.TestNG.run(TestNG.java:1017)
	at org.testng.remote.AbstractRemoteTestNG.run(AbstractRemoteTestNG.java:115)
	at org.testng.remote.RemoteTestNG.initAndRun(RemoteTestNG.java:251)
	at org.testng.remote.RemoteTestNG.main(RemoteTestNG.java:77)
</pre></div></td>
<td>0</td>
<td>TestNGFramwork.TestNGSevenPm.AssertionTest@78d6692f</td></tr>
<tr>
<td title='TestNGFramwork.TestNGSevenPm.TestCases.testCase_TC002()'><b>testCase_TC002</b><br>Test class: TestNGFramwork.TestNGSevenPm.TestCases</td>
<td><div><pre>java.lang.AssertionError: expected [false] but found [true]
	at TestNGFramwork.TestNGSevenPm.TestCases.testCase_TC002(TestCases.java:22)
... Removed 29 stack frames</pre></div><a href='#' onClick='toggleBox("stack-trace1841099284", this, "Click to show all stack frames", "Click to hide stack frames")'>Click to show all stack frames</a>
<div class='stack-trace' id='stack-trace1841099284'><pre>java.lang.AssertionError: expected [false] but found [true]
	at org.testng.Assert.fail(Assert.java:96)
	at org.testng.Assert.failNotEquals(Assert.java:776)
	at org.testng.Assert.assertFalse(Assert.java:65)
	at org.testng.Assert.assertFalse(Assert.java:75)
	at TestNGFramwork.TestNGSevenPm.TestCases.testCase_TC002(TestCases.java:22)
	at java.base/jdk.internal.reflect.NativeMethodAccessorImpl.invoke0(Native Method)
	at java.base/jdk.internal.reflect.NativeMethodAccessorImpl.invoke(NativeMethodAccessorImpl.java:77)
	at java.base/jdk.internal.reflect.DelegatingMethodAccessorImpl.invoke(DelegatingMethodAccessorImpl.java:43)
	at java.base/java.lang.reflect.Method.invoke(Method.java:568)
	at org.testng.internal.MethodInvocationHelper.invokeMethod(MethodInvocationHelper.java:124)
	at org.testng.internal.Invoker.invokeMethod(Invoker.java:583)
	at org.testng.internal.Invoker.retryFailed(Invoker.java:839)
	at org.testng.internal.Invoker.invokeTestMethods(Invoker.java:1010)
	at org.testng.internal.TestMethodWorker.invokeTestMethods(TestMethodWorker.java:125)
	at org.testng.internal.TestMethodWorker.run(TestMethodWorker.java:109)
	at org.testng.TestRunner.privateRun(TestRunner.java:648)
	at org.testng.TestRunner.run(TestRunner.java:505)
	at org.testng.SuiteRunner.runTest(SuiteRunner.java:455)
	at org.testng.SuiteRunner.runSequentially(SuiteRunner.java:450)
	at org.testng.SuiteRunner.privateRun(SuiteRunner.java:415)
	at org.testng.SuiteRunner.run(SuiteRunner.java:364)
	at org.testng.SuiteRunnerWorker.runSuite(SuiteRunnerWorker.java:52)
	at org.testng.SuiteRunnerWorker.run(SuiteRunnerWorker.java:84)
	at org.testng.TestNG.runSuitesSequentially(TestNG.java:1208)
	at org.testng.TestNG.runSuitesLocally(TestNG.java:1137)
	at org.testng.TestNG.runSuites(TestNG.java:1049)
	at org.testng.TestNG.run(TestNG.java:1017)
	at org.testng.remote.AbstractRemoteTestNG.run(AbstractRemoteTestNG.java:115)
	at org.testng.remote.RemoteTestNG.initAndRun(RemoteTestNG.java:251)
	at org.testng.remote.RemoteTestNG.main(RemoteTestNG.java:77)
</pre></div></td>
<td>0</td>
<td>TestNGFramwork.TestNGSevenPm.TestCases@7c8c9a05</td></tr>
</table><p>
<table width='100%' border='1' class='invocation-passed'>
<tr><td colspan='4' align='center'><b>PASSED TESTS</b></td></tr>
<tr><td><b>Test method</b></td>
<td width="30%"><b>Exception</b></td>
<td width="10%"><b>Time (seconds)</b></td>
<td><b>Instance</b></td>
</tr>
<tr>
<td title='TestNGFramwork.TestNGSevenPm.PrioritizingTheTestCases.browserLaunch()'><b>browserLaunch</b><br>Test class: TestNGFramwork.TestNGSevenPm.PrioritizingTheTestCases</td>
<td></td>
<td>0</td>
<td>TestNGFramwork.TestNGSevenPm.PrioritizingTheTestCases@26ceffa8</td></tr>
<tr>
<td title='TestNGFramwork.TestNGSevenPm.DayOne.demoMethod()'><b>demoMethod</b><br>Test class: TestNGFramwork.TestNGSevenPm.DayOne</td>
<td></td>
<td>0</td>
<td>TestNGFramwork.TestNGSevenPm.DayOne@600b90df</td></tr>
<tr>
<td title='TestNGFramwork.TestNGSevenPm.DayOne.demoMethod()'><b>demoMethod</b><br>Test class: TestNGFramwork.TestNGSevenPm.DayOne</td>
<td></td>
<td>0</td>
<td>TestNGFramwork.TestNGSevenPm.DayOne@600b90df</td></tr>
<tr>
<td title='TestNGFramwork.TestNGSevenPm.DayOne.demoMethod()'><b>demoMethod</b><br>Test class: TestNGFramwork.TestNGSevenPm.DayOne</td>
<td></td>
<td>0</td>
<td>TestNGFramwork.TestNGSevenPm.DayOne@600b90df</td></tr>
<tr>
<td title='TestNGFramwork.TestNGSevenPm.DayOne.demoMethod()'><b>demoMethod</b><br>Test class: TestNGFramwork.TestNGSevenPm.DayOne</td>
<td></td>
<td>0</td>
<td>TestNGFramwork.TestNGSevenPm.DayOne@600b90df</td></tr>
<tr>
<td title='TestNGFramwork.TestNGSevenPm.DayOne.demoMethod()'><b>demoMethod</b><br>Test class: TestNGFramwork.TestNGSevenPm.DayOne</td>
<td></td>
<td>0</td>
<td>TestNGFramwork.TestNGSevenPm.DayOne@600b90df</td></tr>
<tr>
<td title='TestNGFramwork.TestNGSevenPm.DayOne.demoMethod()'><b>demoMethod</b><br>Test class: TestNGFramwork.TestNGSevenPm.DayOne</td>
<td></td>
<td>0</td>
<td>TestNGFramwork.TestNGSevenPm.DayOne@600b90df</td></tr>
<tr>
<td title='TestNGFramwork.TestNGSevenPm.DayOne.demoMethod()'><b>demoMethod</b><br>Test class: TestNGFramwork.TestNGSevenPm.DayOne</td>
<td></td>
<td>0</td>
<td>TestNGFramwork.TestNGSevenPm.DayOne@600b90df</td></tr>
<tr>
<td title='TestNGFramwork.TestNGSevenPm.DayOne.demoMethod()'><b>demoMethod</b><br>Test class: TestNGFramwork.TestNGSevenPm.DayOne</td>
<td></td>
<td>0</td>
<td>TestNGFramwork.TestNGSevenPm.DayOne@600b90df</td></tr>
<tr>
<td title='TestNGFramwork.TestNGSevenPm.DayOne.demoMethod()'><b>demoMethod</b><br>Test class: TestNGFramwork.TestNGSevenPm.DayOne</td>
<td></td>
<td>0</td>
<td>TestNGFramwork.TestNGSevenPm.DayOne@600b90df</td></tr>
<tr>
<td title='TestNGFramwork.TestNGSevenPm.DayOne.demoMethod()'><b>demoMethod</b><br>Test class: TestNGFramwork.TestNGSevenPm.DayOne</td>
<td></td>
<td>0</td>
<td>TestNGFramwork.TestNGSevenPm.DayOne@600b90df</td></tr>
<tr>
<td title='TestNGFramwork.TestNGSevenPm.MultipleInputs.googlePage()'><b>googlePage</b><br>Test class: TestNGFramwork.TestNGSevenPm.MultipleInputs<br>Parameters: Iphone</td>
<td></td>
<td>8</td>
<td>TestNGFramwork.TestNGSevenPm.MultipleInputs@60129b9a</td></tr>
<tr>
<td title='TestNGFramwork.TestNGSevenPm.MultipleInputs.googlePage()'><b>googlePage</b><br>Test class: TestNGFramwork.TestNGSevenPm.MultipleInputs<br>Parameters: Samsung</td>
<td></td>
<td>11</td>
<td>TestNGFramwork.TestNGSevenPm.MultipleInputs@60129b9a</td></tr>
<tr>
<td title='TestNGFramwork.TestNGSevenPm.MultipleInputs.googlePage()'><b>googlePage</b><br>Test class: TestNGFramwork.TestNGSevenPm.MultipleInputs<br>Parameters: Nokia</td>
<td></td>
<td>8</td>
<td>TestNGFramwork.TestNGSevenPm.MultipleInputs@60129b9a</td></tr>
<tr>
<td title='TestNGFramwork.TestNGSevenPm.MultipleInputs.googlePage()'><b>googlePage</b><br>Test class: TestNGFramwork.TestNGSevenPm.MultipleInputs<br>Parameters: HTC</td>
<td></td>
<td>7</td>
<td>TestNGFramwork.TestNGSevenPm.MultipleInputs@60129b9a</td></tr>
<tr>
<td title='TestNGFramwork.TestNGSevenPm.MultipleInputs.googlePage()'><b>googlePage</b><br>Test class: TestNGFramwork.TestNGSevenPm.MultipleInputs<br>Parameters: OPPO</td>
<td></td>
<td>15</td>
<td>TestNGFramwork.TestNGSevenPm.MultipleInputs@60129b9a</td></tr>
<tr>
<td title='TestNGFramwork.TestNGSevenPm.MultipleInputs.googlePage()'><b>googlePage</b><br>Test class: TestNGFramwork.TestNGSevenPm.MultipleInputs<br>Parameters: RealMe</td>
<td></td>
<td>6</td>
<td>TestNGFramwork.TestNGSevenPm.MultipleInputs@60129b9a</td></tr>
<tr>
<td title='TestNGFramwork.TestNGSevenPm.MultipleInputs.googlePage()'><b>googlePage</b><br>Test class: TestNGFramwork.TestNGSevenPm.MultipleInputs<br>Parameters: THINQ</td>
<td></td>
<td>7</td>
<td>TestNGFramwork.TestNGSevenPm.MultipleInputs@60129b9a</td></tr>
<tr>
<td title='TestNGFramwork.TestNGSevenPm.MultipleInputs.googlePage()'><b>googlePage</b><br>Test class: TestNGFramwork.TestNGSevenPm.MultipleInputs<br>Parameters: Micromax</td>
<td></td>
<td>7</td>
<td>TestNGFramwork.TestNGSevenPm.MultipleInputs@60129b9a</td></tr>
<tr>
<td title='TestNGFramwork.TestNGSevenPm.MultipleInputs.googlePage()'><b>googlePage</b><br>Test class: TestNGFramwork.TestNGSevenPm.MultipleInputs<br>Parameters: Lenovo</td>
<td></td>
<td>8</td>
<td>TestNGFramwork.TestNGSevenPm.MultipleInputs@60129b9a</td></tr>
<tr>
<td title='TestNGFramwork.TestNGSevenPm.SeleniumAnnotationsDemo.invalidUsernameAndValidPassword()'><b>invalidUsernameAndValidPassword</b><br>Test class: TestNGFramwork.TestNGSevenPm.SeleniumAnnotationsDemo</td>
<td></td>
<td>0</td>
<td>TestNGFramwork.TestNGSevenPm.SeleniumAnnotationsDemo@63f259c3</td></tr>
<tr>
<td title='TestNGFramwork.TestNGSevenPm.ParallelExecutionOfTestCases.invalidUsernameAndValidPassword()'><b>invalidUsernameAndValidPassword</b><br>Test class: TestNGFramwork.TestNGSevenPm.ParallelExecutionOfTestCases</td>
<td></td>
<td>2</td>
<td>TestNGFramwork.TestNGSevenPm.ParallelExecutionOfTestCases@d41f816</td></tr>
<tr>
<td title='TestNGFramwork.TestNGSevenPm.PrioritizingTheTestCases.loginButton()'><b>loginButton</b><br>Test class: TestNGFramwork.TestNGSevenPm.PrioritizingTheTestCases</td>
<td></td>
<td>0</td>
<td>TestNGFramwork.TestNGSevenPm.PrioritizingTheTestCases@26ceffa8</td></tr>
<tr>
<td title='TestNGFramwork.TestNGSevenPm.PrioritizingTheTestCases.loginCredentials()'><b>loginCredentials</b><br>Test class: TestNGFramwork.TestNGSevenPm.PrioritizingTheTestCases</td>
<td></td>
<td>0</td>
<td>TestNGFramwork.TestNGSevenPm.PrioritizingTheTestCases@26ceffa8</td></tr>
<tr>
<td title='TestNGFramwork.TestNGSevenPm.DayOne.method2()'><b>method2</b><br>Test class: TestNGFramwork.TestNGSevenPm.DayOne</td>
<td></td>
<td>0</td>
<td>TestNGFramwork.TestNGSevenPm.DayOne@600b90df</td></tr>
<tr>
<td title='TestNGFramwork.TestNGSevenPm.DayOne.method3()'><b>method3</b><br>Test class: TestNGFramwork.TestNGSevenPm.DayOne</td>
<td></td>
<td>0</td>
<td>TestNGFramwork.TestNGSevenPm.DayOne@600b90df</td></tr>
<tr>
<td title='TestNGFramwork.TestNGSevenPm.PrioritizingTheTestCases.teardown()'><b>teardown</b><br>Test class: TestNGFramwork.TestNGSevenPm.PrioritizingTheTestCases</td>
<td></td>
<td>0</td>
<td>TestNGFramwork.TestNGSevenPm.PrioritizingTheTestCases@26ceffa8</td></tr>
<tr>
<td title='TestNGFramwork.TestNGSevenPm.AssertionTest.test2()'><b>test2</b><br>Test class: TestNGFramwork.TestNGSevenPm.AssertionTest</td>
<td></td>
<td>0</td>
<td>TestNGFramwork.TestNGSevenPm.AssertionTest@78d6692f</td></tr>
<tr>
<td title='TestNGFramwork.TestNGSevenPm.AssertionTest.test4()'><b>test4</b><br>Test class: TestNGFramwork.TestNGSevenPm.AssertionTest</td>
<td></td>
<td>0</td>
<td>TestNGFramwork.TestNGSevenPm.AssertionTest@78d6692f</td></tr>
<tr>
<td title='TestNGFramwork.TestNGSevenPm.AnnotationsPractice.testCase_TC001()'><b>testCase_TC001</b><br>Test class: TestNGFramwork.TestNGSevenPm.AnnotationsPractice</td>
<td></td>
<td>0</td>
<td>TestNGFramwork.TestNGSevenPm.AnnotationsPractice@15713d56</td></tr>
<tr>
<td title='TestNGFramwork.TestNGSevenPm.TestCases.testCase_TC001()'><b>testCase_TC001</b><br>Test class: TestNGFramwork.TestNGSevenPm.TestCases</td>
<td></td>
<td>0</td>
<td>TestNGFramwork.TestNGSevenPm.TestCases@7c8c9a05</td></tr>
<tr>
<td title='TestNGFramwork.TestNGSevenPm.AnnotationsPractice.testCase_TC002()'><b>testCase_TC002</b><br>Test class: TestNGFramwork.TestNGSevenPm.AnnotationsPractice</td>
<td></td>
<td>0</td>
<td>TestNGFramwork.TestNGSevenPm.AnnotationsPractice@15713d56</td></tr>
<tr>
<td title='TestNGFramwork.TestNGSevenPm.AnnotationsPractice.testCase_TC003()'><b>testCase_TC003</b><br>Test class: TestNGFramwork.TestNGSevenPm.AnnotationsPractice</td>
<td></td>
<td>0</td>
<td>TestNGFramwork.TestNGSevenPm.AnnotationsPractice@15713d56</td></tr>
<tr>
<td title='TestNGFramwork.TestNGSevenPm.Dummy.testDummy()'><b>testDummy</b><br>Test class: TestNGFramwork.TestNGSevenPm.Dummy</td>
<td></td>
<td>0</td>
<td>TestNGFramwork.TestNGSevenPm.Dummy@5c2375a9</td></tr>
<tr>
<td title='TestNGFramwork.TestNGSevenPm.PrioritizingTheTestCases.urlAddress()'><b>urlAddress</b><br>Test class: TestNGFramwork.TestNGSevenPm.PrioritizingTheTestCases</td>
<td></td>
<td>0</td>
<td>TestNGFramwork.TestNGSevenPm.PrioritizingTheTestCases@26ceffa8</td></tr>
<tr>
<td title='TestNGFramwork.TestNGSevenPm.SeleniumAnnotationsDemo.validUsernameAndInValidPassword()'><b>validUsernameAndInValidPassword</b><br>Test class: TestNGFramwork.TestNGSevenPm.SeleniumAnnotationsDemo</td>
<td></td>
<td>0</td>
<td>TestNGFramwork.TestNGSevenPm.SeleniumAnnotationsDemo@63f259c3</td></tr>
<tr>
<td title='TestNGFramwork.TestNGSevenPm.ParallelExecutionOfTestCases.validUsernameAndInValidPassword()'><b>validUsernameAndInValidPassword</b><br>Test class: TestNGFramwork.TestNGSevenPm.ParallelExecutionOfTestCases</td>
<td></td>
<td>3</td>
<td>TestNGFramwork.TestNGSevenPm.ParallelExecutionOfTestCases@d41f816</td></tr>
<tr>
<td title='TestNGFramwork.TestNGSevenPm.SeleniumAnnotationsDemo.validUsernameAndValidPassword()'><b>validUsernameAndValidPassword</b><br>Test class: TestNGFramwork.TestNGSevenPm.SeleniumAnnotationsDemo</td>
<td></td>
<td>0</td>
<td>TestNGFramwork.TestNGSevenPm.SeleniumAnnotationsDemo@63f259c3</td></tr>
<tr>
<td title='TestNGFramwork.TestNGSevenPm.ParallelExecutionOfTestCases.validUsernameAndValidPassword()'><b>validUsernameAndValidPassword</b><br>Test class: TestNGFramwork.TestNGSevenPm.ParallelExecutionOfTestCases</td>
<td></td>
<td>3</td>
<td>TestNGFramwork.TestNGSevenPm.ParallelExecutionOfTestCases@d41f816</td></tr>
<tr>
<td title='TestNGFramwork.TestNGSevenPm.PrioritizingTheTestCases.verifyingTheLogin()'><b>verifyingTheLogin</b><br>Test class: TestNGFramwork.TestNGSevenPm.PrioritizingTheTestCases</td>
<td></td>
<td>0</td>
<td>TestNGFramwork.TestNGSevenPm.PrioritizingTheTestCases@26ceffa8</td></tr>
</table><p>
<table width='100%' border='1' class='invocation-skipped'>
<tr><td colspan='4' align='center'><b>SKIPPED TESTS</b></td></tr>
<tr><td><b>Test method</b></td>
<td width="30%"><b>Exception</b></td>
<td width="10%"><b>Time (seconds)</b></td>
<td><b>Instance</b></td>
</tr>
<tr>
<td title='TestNGFramwork.TestNGSevenPm.MultipleInputs.googlePage()'><b>googlePage</b><br>Test class: TestNGFramwork.TestNGSevenPm.MultipleInputs<br>Parameters: OPPO</td>
<td><div><pre>org.openqa.selenium.WebDriverException: unknown error: cannot determine loading status
from no such window
  (Session info: chrome=112.0.5615.138)
Build info: version: &apos;4.8.3&apos;, revision: &apos;e5e76298c3&apos;
System info: os.name: &apos;Windows 11&apos;, os.arch: &apos;amd64&apos;, os.version: &apos;10.0&apos;, java.version: &apos;17.0.6&apos;
Driver info: org.openqa.selenium.chrome.ChromeDriver
Command: [06c45b0e029996a13d2cb9ced7ebfe57, maximizeCurrentWindow {}]
Capabilities {acceptInsecureCerts: false, browserName: chrome, browserVersion: 112.0.5615.138, chrome: {chromedriverVersion: 112.0.5615.49 (bd2a7bcb881c..., userDataDir: C:\Users\THISPC~1\AppData\L...}, goog:chromeOptions: {debuggerAddress: localhost:53728}, networkConnectionEnabled: false, pageLoadStrategy: normal, platformName: WINDOWS, proxy: Proxy(), se:cdp: ws://localhost:53728/devtoo..., se:cdpVersion: 112.0.5615.138, setWindowRect: true, strictFileInteractability: false, timeouts: {implicit: 0, pageLoad: 300000, script: 30000}, unhandledPromptBehavior: dismiss and notify, webauthn:extension:credBlob: true, webauthn:extension:largeBlob: true, webauthn:extension:minPinLength: true, webauthn:extension:prf: true, webauthn:virtualAuthenticators: true}
Session ID: 06c45b0e029996a13d2cb9ced7ebfe57
	at org.openqa.selenium.remote.codec.w3c.W3CHttpResponseCodec.createException(W3CHttpResponseCodec.java:200)
	at org.openqa.selenium.remote.codec.w3c.W3CHttpResponseCodec.decode(W3CHttpResponseCodec.java:133)
	at org.openqa.selenium.remote.codec.w3c.W3CHttpResponseCodec.decode(W3CHttpResponseCodec.java:53)
	at org.openqa.selenium.remote.HttpCommandExecutor.execute(HttpCommandExecutor.java:193)
	at org.openqa.selenium.remote.service.DriverCommandExecutor.invokeExecute(DriverCommandExecutor.java:183)
	at org.openqa.selenium.remote.service.DriverCommandExecutor.execute(DriverCommandExecutor.java:158)
	at org.openqa.selenium.remote.RemoteWebDriver.execute(RemoteWebDriver.java:543)
	at org.openqa.selenium.remote.RemoteWebDriver.execute(RemoteWebDriver.java:598)
	at org.openqa.selenium.remote.RemoteWebDriver.execute(RemoteWebDriver.java:602)
	at org.openqa.selenium.remote.RemoteWebDriver$RemoteWebDriverOptions$RemoteWindow.maximize(RemoteWebDriver.java:953)
	at TestNGFramwork.TestNGSevenPm.MultipleInputs.googlePage(MultipleInputs.java:17)
... Removed 30 stack frames</pre></div><a href='#' onClick='toggleBox("stack-trace1985178707", this, "Click to show all stack frames", "Click to hide stack frames")'>Click to show all stack frames</a>
<div class='stack-trace' id='stack-trace1985178707'><pre>org.openqa.selenium.WebDriverException: unknown error: cannot determine loading status
from no such window
  (Session info: chrome=112.0.5615.138)
Build info: version: &apos;4.8.3&apos;, revision: &apos;e5e76298c3&apos;
System info: os.name: &apos;Windows 11&apos;, os.arch: &apos;amd64&apos;, os.version: &apos;10.0&apos;, java.version: &apos;17.0.6&apos;
Driver info: org.openqa.selenium.chrome.ChromeDriver
Command: [06c45b0e029996a13d2cb9ced7ebfe57, maximizeCurrentWindow {}]
Capabilities {acceptInsecureCerts: false, browserName: chrome, browserVersion: 112.0.5615.138, chrome: {chromedriverVersion: 112.0.5615.49 (bd2a7bcb881c..., userDataDir: C:\Users\THISPC~1\AppData\L...}, goog:chromeOptions: {debuggerAddress: localhost:53728}, networkConnectionEnabled: false, pageLoadStrategy: normal, platformName: WINDOWS, proxy: Proxy(), se:cdp: ws://localhost:53728/devtoo..., se:cdpVersion: 112.0.5615.138, setWindowRect: true, strictFileInteractability: false, timeouts: {implicit: 0, pageLoad: 300000, script: 30000}, unhandledPromptBehavior: dismiss and notify, webauthn:extension:credBlob: true, webauthn:extension:largeBlob: true, webauthn:extension:minPinLength: true, webauthn:extension:prf: true, webauthn:virtualAuthenticators: true}
Session ID: 06c45b0e029996a13d2cb9ced7ebfe57
	at java.base/jdk.internal.reflect.NativeConstructorAccessorImpl.newInstance0(Native Method)
	at java.base/jdk.internal.reflect.NativeConstructorAccessorImpl.newInstance(NativeConstructorAccessorImpl.java:77)
	at java.base/jdk.internal.reflect.DelegatingConstructorAccessorImpl.newInstance(DelegatingConstructorAccessorImpl.java:45)
	at java.base/java.lang.reflect.Constructor.newInstanceWithCaller(Constructor.java:499)
	at java.base/java.lang.reflect.Constructor.newInstance(Constructor.java:480)
	at org.openqa.selenium.remote.codec.w3c.W3CHttpResponseCodec.createException(W3CHttpResponseCodec.java:200)
	at org.openqa.selenium.remote.codec.w3c.W3CHttpResponseCodec.decode(W3CHttpResponseCodec.java:133)
	at org.openqa.selenium.remote.codec.w3c.W3CHttpResponseCodec.decode(W3CHttpResponseCodec.java:53)
	at org.openqa.selenium.remote.HttpCommandExecutor.execute(HttpCommandExecutor.java:193)
	at org.openqa.selenium.remote.service.DriverCommandExecutor.invokeExecute(DriverCommandExecutor.java:183)
	at org.openqa.selenium.remote.service.DriverCommandExecutor.execute(DriverCommandExecutor.java:158)
	at org.openqa.selenium.remote.RemoteWebDriver.execute(RemoteWebDriver.java:543)
	at org.openqa.selenium.remote.RemoteWebDriver.execute(RemoteWebDriver.java:598)
	at org.openqa.selenium.remote.RemoteWebDriver.execute(RemoteWebDriver.java:602)
	at org.openqa.selenium.remote.RemoteWebDriver$RemoteWebDriverOptions$RemoteWindow.maximize(RemoteWebDriver.java:953)
	at TestNGFramwork.TestNGSevenPm.MultipleInputs.googlePage(MultipleInputs.java:17)
	at java.base/jdk.internal.reflect.NativeMethodAccessorImpl.invoke0(Native Method)
	at java.base/jdk.internal.reflect.NativeMethodAccessorImpl.invoke(NativeMethodAccessorImpl.java:77)
	at java.base/jdk.internal.reflect.DelegatingMethodAccessorImpl.invoke(DelegatingMethodAccessorImpl.java:43)
	at java.base/java.lang.reflect.Method.invoke(Method.java:568)
	at org.testng.internal.MethodInvocationHelper.invokeMethod(MethodInvocationHelper.java:124)
	at org.testng.internal.Invoker.invokeMethod(Invoker.java:583)
	at org.testng.internal.Invoker.invokeTestMethod(Invoker.java:719)
	at org.testng.internal.Invoker.invokeTestMethods(Invoker.java:989)
	at org.testng.internal.TestMethodWorker.invokeTestMethods(TestMethodWorker.java:125)
	at org.testng.internal.TestMethodWorker.run(TestMethodWorker.java:109)
	at org.testng.TestRunner.privateRun(TestRunner.java:648)
	at org.testng.TestRunner.run(TestRunner.java:505)
	at org.testng.SuiteRunner.runTest(SuiteRunner.java:455)
	at org.testng.SuiteRunner.runSequentially(SuiteRunner.java:450)
	at org.testng.SuiteRunner.privateRun(SuiteRunner.java:415)
	at org.testng.SuiteRunner.run(SuiteRunner.java:364)
	at org.testng.SuiteRunnerWorker.runSuite(SuiteRunnerWorker.java:52)
	at org.testng.SuiteRunnerWorker.run(SuiteRunnerWorker.java:84)
	at org.testng.TestNG.runSuitesSequentially(TestNG.java:1208)
	at org.testng.TestNG.runSuitesLocally(TestNG.java:1137)
	at org.testng.TestNG.runSuites(TestNG.java:1049)
	at org.testng.TestNG.run(TestNG.java:1017)
	at org.testng.remote.AbstractRemoteTestNG.run(AbstractRemoteTestNG.java:115)
	at org.testng.remote.RemoteTestNG.initAndRun(RemoteTestNG.java:251)
	at org.testng.remote.RemoteTestNG.main(RemoteTestNG.java:77)
</pre></div></td>
<td>2</td>
<td>TestNGFramwork.TestNGSevenPm.MultipleInputs@60129b9a</td></tr>
<tr>
<td title='TestNGFramwork.TestNGSevenPm.AssertionTest.test1()'><b>test1</b><br>Test class: TestNGFramwork.TestNGSevenPm.AssertionTest</td>
<td><div><pre>java.lang.AssertionError: expected [Selenium ] but found [Java]
	at TestNGFramwork.TestNGSevenPm.AssertionTest.test1(AssertionTest.java:20)
... Removed 31 stack frames</pre></div><a href='#' onClick='toggleBox("stack-trace1582358318", this, "Click to show all stack frames", "Click to hide stack frames")'>Click to show all stack frames</a>
<div class='stack-trace' id='stack-trace1582358318'><pre>java.lang.AssertionError: expected [Selenium ] but found [Java]
	at org.testng.Assert.fail(Assert.java:96)
	at org.testng.Assert.failNotEquals(Assert.java:776)
	at org.testng.Assert.assertEqualsImpl(Assert.java:137)
	at org.testng.Assert.assertEquals(Assert.java:118)
	at org.testng.Assert.assertEquals(Assert.java:453)
	at org.testng.Assert.assertEquals(Assert.java:463)
	at TestNGFramwork.TestNGSevenPm.AssertionTest.test1(AssertionTest.java:20)
	at java.base/jdk.internal.reflect.NativeMethodAccessorImpl.invoke0(Native Method)
	at java.base/jdk.internal.reflect.NativeMethodAccessorImpl.invoke(NativeMethodAccessorImpl.java:77)
	at java.base/jdk.internal.reflect.DelegatingMethodAccessorImpl.invoke(DelegatingMethodAccessorImpl.java:43)
	at java.base/java.lang.reflect.Method.invoke(Method.java:568)
	at org.testng.internal.MethodInvocationHelper.invokeMethod(MethodInvocationHelper.java:124)
	at org.testng.internal.Invoker.invokeMethod(Invoker.java:583)
	at org.testng.internal.Invoker.invokeTestMethod(Invoker.java:719)
	at org.testng.internal.Invoker.invokeTestMethods(Invoker.java:989)
	at org.testng.internal.TestMethodWorker.invokeTestMethods(TestMethodWorker.java:125)
	at org.testng.internal.TestMethodWorker.run(TestMethodWorker.java:109)
	at org.testng.TestRunner.privateRun(TestRunner.java:648)
	at org.testng.TestRunner.run(TestRunner.java:505)
	at org.testng.SuiteRunner.runTest(SuiteRunner.java:455)
	at org.testng.SuiteRunner.runSequentially(SuiteRunner.java:450)
	at org.testng.SuiteRunner.privateRun(SuiteRunner.java:415)
	at org.testng.SuiteRunner.run(SuiteRunner.java:364)
	at org.testng.SuiteRunnerWorker.runSuite(SuiteRunnerWorker.java:52)
	at org.testng.SuiteRunnerWorker.run(SuiteRunnerWorker.java:84)
	at org.testng.TestNG.runSuitesSequentially(TestNG.java:1208)
	at org.testng.TestNG.runSuitesLocally(TestNG.java:1137)
	at org.testng.TestNG.runSuites(TestNG.java:1049)
	at org.testng.TestNG.run(TestNG.java:1017)
	at org.testng.remote.AbstractRemoteTestNG.run(AbstractRemoteTestNG.java:115)
	at org.testng.remote.RemoteTestNG.initAndRun(RemoteTestNG.java:251)
	at org.testng.remote.RemoteTestNG.main(RemoteTestNG.java:77)
</pre></div></td>
<td>0</td>
<td>TestNGFramwork.TestNGSevenPm.AssertionTest@78d6692f</td></tr>
<tr>
<td title='TestNGFramwork.TestNGSevenPm.AssertionTest.test1()'><b>test1</b><br>Test class: TestNGFramwork.TestNGSevenPm.AssertionTest</td>
<td><div><pre>java.lang.AssertionError: expected [Selenium ] but found [Java]
	at TestNGFramwork.TestNGSevenPm.AssertionTest.test1(AssertionTest.java:20)
... Removed 31 stack frames</pre></div><a href='#' onClick='toggleBox("stack-trace204273047", this, "Click to show all stack frames", "Click to hide stack frames")'>Click to show all stack frames</a>
<div class='stack-trace' id='stack-trace204273047'><pre>java.lang.AssertionError: expected [Selenium ] but found [Java]
	at org.testng.Assert.fail(Assert.java:96)
	at org.testng.Assert.failNotEquals(Assert.java:776)
	at org.testng.Assert.assertEqualsImpl(Assert.java:137)
	at org.testng.Assert.assertEquals(Assert.java:118)
	at org.testng.Assert.assertEquals(Assert.java:453)
	at org.testng.Assert.assertEquals(Assert.java:463)
	at TestNGFramwork.TestNGSevenPm.AssertionTest.test1(AssertionTest.java:20)
	at java.base/jdk.internal.reflect.NativeMethodAccessorImpl.invoke0(Native Method)
	at java.base/jdk.internal.reflect.NativeMethodAccessorImpl.invoke(NativeMethodAccessorImpl.java:77)
	at java.base/jdk.internal.reflect.DelegatingMethodAccessorImpl.invoke(DelegatingMethodAccessorImpl.java:43)
	at java.base/java.lang.reflect.Method.invoke(Method.java:568)
	at org.testng.internal.MethodInvocationHelper.invokeMethod(MethodInvocationHelper.java:124)
	at org.testng.internal.Invoker.invokeMethod(Invoker.java:583)
	at org.testng.internal.Invoker.retryFailed(Invoker.java:839)
	at org.testng.internal.Invoker.invokeTestMethods(Invoker.java:1010)
	at org.testng.internal.TestMethodWorker.invokeTestMethods(TestMethodWorker.java:125)
	at org.testng.internal.TestMethodWorker.run(TestMethodWorker.java:109)
	at org.testng.TestRunner.privateRun(TestRunner.java:648)
	at org.testng.TestRunner.run(TestRunner.java:505)
	at org.testng.SuiteRunner.runTest(SuiteRunner.java:455)
	at org.testng.SuiteRunner.runSequentially(SuiteRunner.java:450)
	at org.testng.SuiteRunner.privateRun(SuiteRunner.java:415)
	at org.testng.SuiteRunner.run(SuiteRunner.java:364)
	at org.testng.SuiteRunnerWorker.runSuite(SuiteRunnerWorker.java:52)
	at org.testng.SuiteRunnerWorker.run(SuiteRunnerWorker.java:84)
	at org.testng.TestNG.runSuitesSequentially(TestNG.java:1208)
	at org.testng.TestNG.runSuitesLocally(TestNG.java:1137)
	at org.testng.TestNG.runSuites(TestNG.java:1049)
	at org.testng.TestNG.run(TestNG.java:1017)
	at org.testng.remote.AbstractRemoteTestNG.run(AbstractRemoteTestNG.java:115)
	at org.testng.remote.RemoteTestNG.initAndRun(RemoteTestNG.java:251)
	at org.testng.remote.RemoteTestNG.main(RemoteTestNG.java:77)
</pre></div></td>
<td>0</td>
<td>TestNGFramwork.TestNGSevenPm.AssertionTest@78d6692f</td></tr>
<tr>
<td title='TestNGFramwork.TestNGSevenPm.AssertionTest.test1()'><b>test1</b><br>Test class: TestNGFramwork.TestNGSevenPm.AssertionTest</td>
<td><div><pre>java.lang.AssertionError: expected [Selenium ] but found [Java]
	at TestNGFramwork.TestNGSevenPm.AssertionTest.test1(AssertionTest.java:20)
... Removed 31 stack frames</pre></div><a href='#' onClick='toggleBox("stack-trace716896919", this, "Click to show all stack frames", "Click to hide stack frames")'>Click to show all stack frames</a>
<div class='stack-trace' id='stack-trace716896919'><pre>java.lang.AssertionError: expected [Selenium ] but found [Java]
	at org.testng.Assert.fail(Assert.java:96)
	at org.testng.Assert.failNotEquals(Assert.java:776)
	at org.testng.Assert.assertEqualsImpl(Assert.java:137)
	at org.testng.Assert.assertEquals(Assert.java:118)
	at org.testng.Assert.assertEquals(Assert.java:453)
	at org.testng.Assert.assertEquals(Assert.java:463)
	at TestNGFramwork.TestNGSevenPm.AssertionTest.test1(AssertionTest.java:20)
	at java.base/jdk.internal.reflect.NativeMethodAccessorImpl.invoke0(Native Method)
	at java.base/jdk.internal.reflect.NativeMethodAccessorImpl.invoke(NativeMethodAccessorImpl.java:77)
	at java.base/jdk.internal.reflect.DelegatingMethodAccessorImpl.invoke(DelegatingMethodAccessorImpl.java:43)
	at java.base/java.lang.reflect.Method.invoke(Method.java:568)
	at org.testng.internal.MethodInvocationHelper.invokeMethod(MethodInvocationHelper.java:124)
	at org.testng.internal.Invoker.invokeMethod(Invoker.java:583)
	at org.testng.internal.Invoker.retryFailed(Invoker.java:839)
	at org.testng.internal.Invoker.invokeTestMethods(Invoker.java:1010)
	at org.testng.internal.TestMethodWorker.invokeTestMethods(TestMethodWorker.java:125)
	at org.testng.internal.TestMethodWorker.run(TestMethodWorker.java:109)
	at org.testng.TestRunner.privateRun(TestRunner.java:648)
	at org.testng.TestRunner.run(TestRunner.java:505)
	at org.testng.SuiteRunner.runTest(SuiteRunner.java:455)
	at org.testng.SuiteRunner.runSequentially(SuiteRunner.java:450)
	at org.testng.SuiteRunner.privateRun(SuiteRunner.java:415)
	at org.testng.SuiteRunner.run(SuiteRunner.java:364)
	at org.testng.SuiteRunnerWorker.runSuite(SuiteRunnerWorker.java:52)
	at org.testng.SuiteRunnerWorker.run(SuiteRunnerWorker.java:84)
	at org.testng.TestNG.runSuitesSequentially(TestNG.java:1208)
	at org.testng.TestNG.runSuitesLocally(TestNG.java:1137)
	at org.testng.TestNG.runSuites(TestNG.java:1049)
	at org.testng.TestNG.run(TestNG.java:1017)
	at org.testng.remote.AbstractRemoteTestNG.run(AbstractRemoteTestNG.java:115)
	at org.testng.remote.RemoteTestNG.initAndRun(RemoteTestNG.java:251)
	at org.testng.remote.RemoteTestNG.main(RemoteTestNG.java:77)
</pre></div></td>
<td>0</td>
<td>TestNGFramwork.TestNGSevenPm.AssertionTest@78d6692f</td></tr>
<tr>
<td title='TestNGFramwork.TestNGSevenPm.AssertionTest.test3()'><b>test3</b><br>Test class: TestNGFramwork.TestNGSevenPm.AssertionTest</td>
<td><div><pre>java.lang.AssertionError: The following asserts failed:
	expected [TestNG] but found [Cucumber]
	at TestNGFramwork.TestNGSevenPm.AssertionTest.test3(AssertionTest.java:49)
... Removed 26 stack frames</pre></div><a href='#' onClick='toggleBox("stack-trace1152003603", this, "Click to show all stack frames", "Click to hide stack frames")'>Click to show all stack frames</a>
<div class='stack-trace' id='stack-trace1152003603'><pre>java.lang.AssertionError: The following asserts failed:
	expected [TestNG] but found [Cucumber]
	at org.testng.asserts.SoftAssert.assertAll(SoftAssert.java:43)
	at TestNGFramwork.TestNGSevenPm.AssertionTest.test3(AssertionTest.java:49)
	at java.base/jdk.internal.reflect.NativeMethodAccessorImpl.invoke0(Native Method)
	at java.base/jdk.internal.reflect.NativeMethodAccessorImpl.invoke(NativeMethodAccessorImpl.java:77)
	at java.base/jdk.internal.reflect.DelegatingMethodAccessorImpl.invoke(DelegatingMethodAccessorImpl.java:43)
	at java.base/java.lang.reflect.Method.invoke(Method.java:568)
	at org.testng.internal.MethodInvocationHelper.invokeMethod(MethodInvocationHelper.java:124)
	at org.testng.internal.Invoker.invokeMethod(Invoker.java:583)
	at org.testng.internal.Invoker.invokeTestMethod(Invoker.java:719)
	at org.testng.internal.Invoker.invokeTestMethods(Invoker.java:989)
	at org.testng.internal.TestMethodWorker.invokeTestMethods(TestMethodWorker.java:125)
	at org.testng.internal.TestMethodWorker.run(TestMethodWorker.java:109)
	at org.testng.TestRunner.privateRun(TestRunner.java:648)
	at org.testng.TestRunner.run(TestRunner.java:505)
	at org.testng.SuiteRunner.runTest(SuiteRunner.java:455)
	at org.testng.SuiteRunner.runSequentially(SuiteRunner.java:450)
	at org.testng.SuiteRunner.privateRun(SuiteRunner.java:415)
	at org.testng.SuiteRunner.run(SuiteRunner.java:364)
	at org.testng.SuiteRunnerWorker.runSuite(SuiteRunnerWorker.java:52)
	at org.testng.SuiteRunnerWorker.run(SuiteRunnerWorker.java:84)
	at org.testng.TestNG.runSuitesSequentially(TestNG.java:1208)
	at org.testng.TestNG.runSuitesLocally(TestNG.java:1137)
	at org.testng.TestNG.runSuites(TestNG.java:1049)
	at org.testng.TestNG.run(TestNG.java:1017)
	at org.testng.remote.AbstractRemoteTestNG.run(AbstractRemoteTestNG.java:115)
	at org.testng.remote.RemoteTestNG.initAndRun(RemoteTestNG.java:251)
	at org.testng.remote.RemoteTestNG.main(RemoteTestNG.java:77)
</pre></div></td>
<td>0</td>
<td>TestNGFramwork.TestNGSevenPm.AssertionTest@78d6692f</td></tr>
<tr>
<td title='TestNGFramwork.TestNGSevenPm.AssertionTest.test3()'><b>test3</b><br>Test class: TestNGFramwork.TestNGSevenPm.AssertionTest</td>
<td><div><pre>java.lang.AssertionError: The following asserts failed:
	expected [TestNG] but found [Cucumber]
	at TestNGFramwork.TestNGSevenPm.AssertionTest.test3(AssertionTest.java:49)
... Removed 26 stack frames</pre></div><a href='#' onClick='toggleBox("stack-trace1578801260", this, "Click to show all stack frames", "Click to hide stack frames")'>Click to show all stack frames</a>
<div class='stack-trace' id='stack-trace1578801260'><pre>java.lang.AssertionError: The following asserts failed:
	expected [TestNG] but found [Cucumber]
	at org.testng.asserts.SoftAssert.assertAll(SoftAssert.java:43)
	at TestNGFramwork.TestNGSevenPm.AssertionTest.test3(AssertionTest.java:49)
	at java.base/jdk.internal.reflect.NativeMethodAccessorImpl.invoke0(Native Method)
	at java.base/jdk.internal.reflect.NativeMethodAccessorImpl.invoke(NativeMethodAccessorImpl.java:77)
	at java.base/jdk.internal.reflect.DelegatingMethodAccessorImpl.invoke(DelegatingMethodAccessorImpl.java:43)
	at java.base/java.lang.reflect.Method.invoke(Method.java:568)
	at org.testng.internal.MethodInvocationHelper.invokeMethod(MethodInvocationHelper.java:124)
	at org.testng.internal.Invoker.invokeMethod(Invoker.java:583)
	at org.testng.internal.Invoker.retryFailed(Invoker.java:839)
	at org.testng.internal.Invoker.invokeTestMethods(Invoker.java:1010)
	at org.testng.internal.TestMethodWorker.invokeTestMethods(TestMethodWorker.java:125)
	at org.testng.internal.TestMethodWorker.run(TestMethodWorker.java:109)
	at org.testng.TestRunner.privateRun(TestRunner.java:648)
	at org.testng.TestRunner.run(TestRunner.java:505)
	at org.testng.SuiteRunner.runTest(SuiteRunner.java:455)
	at org.testng.SuiteRunner.runSequentially(SuiteRunner.java:450)
	at org.testng.SuiteRunner.privateRun(SuiteRunner.java:415)
	at org.testng.SuiteRunner.run(SuiteRunner.java:364)
	at org.testng.SuiteRunnerWorker.runSuite(SuiteRunnerWorker.java:52)
	at org.testng.SuiteRunnerWorker.run(SuiteRunnerWorker.java:84)
	at org.testng.TestNG.runSuitesSequentially(TestNG.java:1208)
	at org.testng.TestNG.runSuitesLocally(TestNG.java:1137)
	at org.testng.TestNG.runSuites(TestNG.java:1049)
	at org.testng.TestNG.run(TestNG.java:1017)
	at org.testng.remote.AbstractRemoteTestNG.run(AbstractRemoteTestNG.java:115)
	at org.testng.remote.RemoteTestNG.initAndRun(RemoteTestNG.java:251)
	at org.testng.remote.RemoteTestNG.main(RemoteTestNG.java:77)
</pre></div></td>
<td>0</td>
<td>TestNGFramwork.TestNGSevenPm.AssertionTest@78d6692f</td></tr>
<tr>
<td title='TestNGFramwork.TestNGSevenPm.AssertionTest.test3()'><b>test3</b><br>Test class: TestNGFramwork.TestNGSevenPm.AssertionTest</td>
<td><div><pre>java.lang.AssertionError: The following asserts failed:
	expected [TestNG] but found [Cucumber]
	at TestNGFramwork.TestNGSevenPm.AssertionTest.test3(AssertionTest.java:49)
... Removed 26 stack frames</pre></div><a href='#' onClick='toggleBox("stack-trace627707285", this, "Click to show all stack frames", "Click to hide stack frames")'>Click to show all stack frames</a>
<div class='stack-trace' id='stack-trace627707285'><pre>java.lang.AssertionError: The following asserts failed:
	expected [TestNG] but found [Cucumber]
	at org.testng.asserts.SoftAssert.assertAll(SoftAssert.java:43)
	at TestNGFramwork.TestNGSevenPm.AssertionTest.test3(AssertionTest.java:49)
	at java.base/jdk.internal.reflect.NativeMethodAccessorImpl.invoke0(Native Method)
	at java.base/jdk.internal.reflect.NativeMethodAccessorImpl.invoke(NativeMethodAccessorImpl.java:77)
	at java.base/jdk.internal.reflect.DelegatingMethodAccessorImpl.invoke(DelegatingMethodAccessorImpl.java:43)
	at java.base/java.lang.reflect.Method.invoke(Method.java:568)
	at org.testng.internal.MethodInvocationHelper.invokeMethod(MethodInvocationHelper.java:124)
	at org.testng.internal.Invoker.invokeMethod(Invoker.java:583)
	at org.testng.internal.Invoker.retryFailed(Invoker.java:839)
	at org.testng.internal.Invoker.invokeTestMethods(Invoker.java:1010)
	at org.testng.internal.TestMethodWorker.invokeTestMethods(TestMethodWorker.java:125)
	at org.testng.internal.TestMethodWorker.run(TestMethodWorker.java:109)
	at org.testng.TestRunner.privateRun(TestRunner.java:648)
	at org.testng.TestRunner.run(TestRunner.java:505)
	at org.testng.SuiteRunner.runTest(SuiteRunner.java:455)
	at org.testng.SuiteRunner.runSequentially(SuiteRunner.java:450)
	at org.testng.SuiteRunner.privateRun(SuiteRunner.java:415)
	at org.testng.SuiteRunner.run(SuiteRunner.java:364)
	at org.testng.SuiteRunnerWorker.runSuite(SuiteRunnerWorker.java:52)
	at org.testng.SuiteRunnerWorker.run(SuiteRunnerWorker.java:84)
	at org.testng.TestNG.runSuitesSequentially(TestNG.java:1208)
	at org.testng.TestNG.runSuitesLocally(TestNG.java:1137)
	at org.testng.TestNG.runSuites(TestNG.java:1049)
	at org.testng.TestNG.run(TestNG.java:1017)
	at org.testng.remote.AbstractRemoteTestNG.run(AbstractRemoteTestNG.java:115)
	at org.testng.remote.RemoteTestNG.initAndRun(RemoteTestNG.java:251)
	at org.testng.remote.RemoteTestNG.main(RemoteTestNG.java:77)
</pre></div></td>
<td>0</td>
<td>TestNGFramwork.TestNGSevenPm.AssertionTest@78d6692f</td></tr>
<tr>
<td title='TestNGFramwork.TestNGSevenPm.TestCases.testCase_TC002()'><b>testCase_TC002</b><br>Test class: TestNGFramwork.TestNGSevenPm.TestCases</td>
<td><div><pre>java.lang.AssertionError: expected [false] but found [true]
	at TestNGFramwork.TestNGSevenPm.TestCases.testCase_TC002(TestCases.java:22)
... Removed 29 stack frames</pre></div><a href='#' onClick='toggleBox("stack-trace1064456966", this, "Click to show all stack frames", "Click to hide stack frames")'>Click to show all stack frames</a>
<div class='stack-trace' id='stack-trace1064456966'><pre>java.lang.AssertionError: expected [false] but found [true]
	at org.testng.Assert.fail(Assert.java:96)
	at org.testng.Assert.failNotEquals(Assert.java:776)
	at org.testng.Assert.assertFalse(Assert.java:65)
	at org.testng.Assert.assertFalse(Assert.java:75)
	at TestNGFramwork.TestNGSevenPm.TestCases.testCase_TC002(TestCases.java:22)
	at java.base/jdk.internal.reflect.NativeMethodAccessorImpl.invoke0(Native Method)
	at java.base/jdk.internal.reflect.NativeMethodAccessorImpl.invoke(NativeMethodAccessorImpl.java:77)
	at java.base/jdk.internal.reflect.DelegatingMethodAccessorImpl.invoke(DelegatingMethodAccessorImpl.java:43)
	at java.base/java.lang.reflect.Method.invoke(Method.java:568)
	at org.testng.internal.MethodInvocationHelper.invokeMethod(MethodInvocationHelper.java:124)
	at org.testng.internal.Invoker.invokeMethod(Invoker.java:583)
	at org.testng.internal.Invoker.invokeTestMethod(Invoker.java:719)
	at org.testng.internal.Invoker.invokeTestMethods(Invoker.java:989)
	at org.testng.internal.TestMethodWorker.invokeTestMethods(TestMethodWorker.java:125)
	at org.testng.internal.TestMethodWorker.run(TestMethodWorker.java:109)
	at org.testng.TestRunner.privateRun(TestRunner.java:648)
	at org.testng.TestRunner.run(TestRunner.java:505)
	at org.testng.SuiteRunner.runTest(SuiteRunner.java:455)
	at org.testng.SuiteRunner.runSequentially(SuiteRunner.java:450)
	at org.testng.SuiteRunner.privateRun(SuiteRunner.java:415)
	at org.testng.SuiteRunner.run(SuiteRunner.java:364)
	at org.testng.SuiteRunnerWorker.runSuite(SuiteRunnerWorker.java:52)
	at org.testng.SuiteRunnerWorker.run(SuiteRunnerWorker.java:84)
	at org.testng.TestNG.runSuitesSequentially(TestNG.java:1208)
	at org.testng.TestNG.runSuitesLocally(TestNG.java:1137)
	at org.testng.TestNG.runSuites(TestNG.java:1049)
	at org.testng.TestNG.run(TestNG.java:1017)
	at org.testng.remote.AbstractRemoteTestNG.run(AbstractRemoteTestNG.java:115)
	at org.testng.remote.RemoteTestNG.initAndRun(RemoteTestNG.java:251)
	at org.testng.remote.RemoteTestNG.main(RemoteTestNG.java:77)
</pre></div></td>
<td>0</td>
<td>TestNGFramwork.TestNGSevenPm.TestCases@7c8c9a05</td></tr>
<tr>
<td title='TestNGFramwork.TestNGSevenPm.TestCases.testCase_TC002()'><b>testCase_TC002</b><br>Test class: TestNGFramwork.TestNGSevenPm.TestCases</td>
<td><div><pre>java.lang.AssertionError: expected [false] but found [true]
	at TestNGFramwork.TestNGSevenPm.TestCases.testCase_TC002(TestCases.java:22)
... Removed 29 stack frames</pre></div><a href='#' onClick='toggleBox("stack-trace605201451", this, "Click to show all stack frames", "Click to hide stack frames")'>Click to show all stack frames</a>
<div class='stack-trace' id='stack-trace605201451'><pre>java.lang.AssertionError: expected [false] but found [true]
	at org.testng.Assert.fail(Assert.java:96)
	at org.testng.Assert.failNotEquals(Assert.java:776)
	at org.testng.Assert.assertFalse(Assert.java:65)
	at org.testng.Assert.assertFalse(Assert.java:75)
	at TestNGFramwork.TestNGSevenPm.TestCases.testCase_TC002(TestCases.java:22)
	at java.base/jdk.internal.reflect.NativeMethodAccessorImpl.invoke0(Native Method)
	at java.base/jdk.internal.reflect.NativeMethodAccessorImpl.invoke(NativeMethodAccessorImpl.java:77)
	at java.base/jdk.internal.reflect.DelegatingMethodAccessorImpl.invoke(DelegatingMethodAccessorImpl.java:43)
	at java.base/java.lang.reflect.Method.invoke(Method.java:568)
	at org.testng.internal.MethodInvocationHelper.invokeMethod(MethodInvocationHelper.java:124)
	at org.testng.internal.Invoker.invokeMethod(Invoker.java:583)
	at org.testng.internal.Invoker.retryFailed(Invoker.java:839)
	at org.testng.internal.Invoker.invokeTestMethods(Invoker.java:1010)
	at org.testng.internal.TestMethodWorker.invokeTestMethods(TestMethodWorker.java:125)
	at org.testng.internal.TestMethodWorker.run(TestMethodWorker.java:109)
	at org.testng.TestRunner.privateRun(TestRunner.java:648)
	at org.testng.TestRunner.run(TestRunner.java:505)
	at org.testng.SuiteRunner.runTest(SuiteRunner.java:455)
	at org.testng.SuiteRunner.runSequentially(SuiteRunner.java:450)
	at org.testng.SuiteRunner.privateRun(SuiteRunner.java:415)
	at org.testng.SuiteRunner.run(SuiteRunner.java:364)
	at org.testng.SuiteRunnerWorker.runSuite(SuiteRunnerWorker.java:52)
	at org.testng.SuiteRunnerWorker.run(SuiteRunnerWorker.java:84)
	at org.testng.TestNG.runSuitesSequentially(TestNG.java:1208)
	at org.testng.TestNG.runSuitesLocally(TestNG.java:1137)
	at org.testng.TestNG.runSuites(TestNG.java:1049)
	at org.testng.TestNG.run(TestNG.java:1017)
	at org.testng.remote.AbstractRemoteTestNG.run(AbstractRemoteTestNG.java:115)
	at org.testng.remote.RemoteTestNG.initAndRun(RemoteTestNG.java:251)
	at org.testng.remote.RemoteTestNG.main(RemoteTestNG.java:77)
</pre></div></td>
<td>0</td>
<td>TestNGFramwork.TestNGSevenPm.TestCases@7c8c9a05</td></tr>
<tr>
<td title='TestNGFramwork.TestNGSevenPm.TestCases.testCase_TC002()'><b>testCase_TC002</b><br>Test class: TestNGFramwork.TestNGSevenPm.TestCases</td>
<td><div><pre>java.lang.AssertionError: expected [false] but found [true]
	at TestNGFramwork.TestNGSevenPm.TestCases.testCase_TC002(TestCases.java:22)
... Removed 29 stack frames</pre></div><a href='#' onClick='toggleBox("stack-trace689147194", this, "Click to show all stack frames", "Click to hide stack frames")'>Click to show all stack frames</a>
<div class='stack-trace' id='stack-trace689147194'><pre>java.lang.AssertionError: expected [false] but found [true]
	at org.testng.Assert.fail(Assert.java:96)
	at org.testng.Assert.failNotEquals(Assert.java:776)
	at org.testng.Assert.assertFalse(Assert.java:65)
	at org.testng.Assert.assertFalse(Assert.java:75)
	at TestNGFramwork.TestNGSevenPm.TestCases.testCase_TC002(TestCases.java:22)
	at java.base/jdk.internal.reflect.NativeMethodAccessorImpl.invoke0(Native Method)
	at java.base/jdk.internal.reflect.NativeMethodAccessorImpl.invoke(NativeMethodAccessorImpl.java:77)
	at java.base/jdk.internal.reflect.DelegatingMethodAccessorImpl.invoke(DelegatingMethodAccessorImpl.java:43)
	at java.base/java.lang.reflect.Method.invoke(Method.java:568)
	at org.testng.internal.MethodInvocationHelper.invokeMethod(MethodInvocationHelper.java:124)
	at org.testng.internal.Invoker.invokeMethod(Invoker.java:583)
	at org.testng.internal.Invoker.retryFailed(Invoker.java:839)
	at org.testng.internal.Invoker.invokeTestMethods(Invoker.java:1010)
	at org.testng.internal.TestMethodWorker.invokeTestMethods(TestMethodWorker.java:125)
	at org.testng.internal.TestMethodWorker.run(TestMethodWorker.java:109)
	at org.testng.TestRunner.privateRun(TestRunner.java:648)
	at org.testng.TestRunner.run(TestRunner.java:505)
	at org.testng.SuiteRunner.runTest(SuiteRunner.java:455)
	at org.testng.SuiteRunner.runSequentially(SuiteRunner.java:450)
	at org.testng.SuiteRunner.privateRun(SuiteRunner.java:415)
	at org.testng.SuiteRunner.run(SuiteRunner.java:364)
	at org.testng.SuiteRunnerWorker.runSuite(SuiteRunnerWorker.java:52)
	at org.testng.SuiteRunnerWorker.run(SuiteRunnerWorker.java:84)
	at org.testng.TestNG.runSuitesSequentially(TestNG.java:1208)
	at org.testng.TestNG.runSuitesLocally(TestNG.java:1137)
	at org.testng.TestNG.runSuites(TestNG.java:1049)
	at org.testng.TestNG.run(TestNG.java:1017)
	at org.testng.remote.AbstractRemoteTestNG.run(AbstractRemoteTestNG.java:115)
	at org.testng.remote.RemoteTestNG.initAndRun(RemoteTestNG.java:251)
	at org.testng.remote.RemoteTestNG.main(RemoteTestNG.java:77)
</pre></div></td>
<td>0</td>
<td>TestNGFramwork.TestNGSevenPm.TestCases@7c8c9a05</td></tr>
</table><p>
</body>
</html>