<?xml version="1.0" encoding="UTF-8"?>
<!-- Generated by org.testng.reporters.JUnitXMLReporter -->
<testsuite ignored="0" hostname="DESKTOP-T4MFR2V" failures="3" tests="53" name="Test" time="105.925" errors="0" timestamp="25 Apr 2023 14:10:10 GMT">
  <testcase classname="TestNGFramwork.TestNGSevenPm.SeleniumAnnotationsDemo" name="invalidUsernameAndValidPassword" time="0.254"/>
  <testcase classname="TestNGFramwork.TestNGSevenPm.SeleniumAnnotationsDemo" name="validUsernameAndInValidPassword" time="0.283"/>
  <testcase classname="TestNGFramwork.TestNGSevenPm.SeleniumAnnotationsDemo" name="validUsernameAndValidPassword" time="0.265"/>
  <testcase classname="TestNGFramwork.TestNGSevenPm.DayOne" name="demoMethod" time="0.002"/>
  <testcase classname="TestNGFramwork.TestNGSevenPm.DayOne" name="demoMethod" time="0.002"/>
  <testcase classname="TestNGFramwork.TestNGSevenPm.DayOne" name="demoMethod" time="0.0"/>
  <testcase classname="TestNGFramwork.TestNGSevenPm.DayOne" name="demoMethod" time="0.002"/>
  <testcase classname="TestNGFramwork.TestNGSevenPm.DayOne" name="demoMethod" time="0.002"/>
  <testcase classname="TestNGFramwork.TestNGSevenPm.DayOne" name="demoMethod" time="0.003"/>
  <testcase classname="TestNGFramwork.TestNGSevenPm.DayOne" name="demoMethod" time="0.002"/>
  <testcase classname="TestNGFramwork.TestNGSevenPm.DayOne" name="demoMethod" time="0.001"/>
  <testcase classname="TestNGFramwork.TestNGSevenPm.DayOne" name="demoMethod" time="0.001"/>
  <testcase classname="TestNGFramwork.TestNGSevenPm.DayOne" name="demoMethod" time="0.0"/>
  <testcase classname="TestNGFramwork.TestNGSevenPm.DayOne" name="method2" time="0.004"/>
  <testcase classname="TestNGFramwork.TestNGSevenPm.DayOne" name="method3" time="0.007"/>
  <testcase classname="TestNGFramwork.TestNGSevenPm.AnnotationsPractice" name="testCase_TC001" time="0.015"/>
  <testcase classname="TestNGFramwork.TestNGSevenPm.AnnotationsPractice" name="testCase_TC002" time="0.005"/>
  <testcase classname="TestNGFramwork.TestNGSevenPm.AnnotationsPractice" name="testCase_TC003" time="0.002"/>
  <testcase classname="TestNGFramwork.TestNGSevenPm.TestCases" name="testCase_TC001" time="0.004"/>
  <testcase classname="TestNGFramwork.TestNGSevenPm.TestCases" name="testCase_TC002" time="0.006">
    <skipped/>
  </testcase> <!-- testCase_TC002 -->
  <testcase classname="TestNGFramwork.TestNGSevenPm.TestCases" name="testCase_TC002" time="0.001">
    <skipped/>
  </testcase> <!-- testCase_TC002 -->
  <testcase classname="TestNGFramwork.TestNGSevenPm.TestCases" name="testCase_TC002" time="0.003">
    <skipped/>
  </testcase> <!-- testCase_TC002 -->
  <testcase classname="TestNGFramwork.TestNGSevenPm.TestCases" name="testCase_TC002" time="0.0">
    <failure type="java.lang.AssertionError" message="expected [false] but found [true]">
      <![CDATA[java.lang.AssertionError: expected [false] but found [true]
at TestNGFramwork.TestNGSevenPm.TestCases.testCase_TC002(TestCases.java:22)
... Removed 29 stack frames]]>
    </failure>
  </testcase> <!-- testCase_TC002 -->
  <testcase classname="TestNGFramwork.TestNGSevenPm.ParallelExecutionOfTestCases" name="invalidUsernameAndValidPassword" time="2.821"/>
  <testcase classname="TestNGFramwork.TestNGSevenPm.ParallelExecutionOfTestCases" name="validUsernameAndInValidPassword" time="3.522"/>
  <testcase classname="TestNGFramwork.TestNGSevenPm.ParallelExecutionOfTestCases" name="validUsernameAndValidPassword" time="3.078"/>
  <testcase classname="TestNGFramwork.TestNGSevenPm.Dummy" name="testDummy" time="0.001"/>
  <testcase classname="TestNGFramwork.TestNGSevenPm.MultipleInputs" name="googlePage" time="8.85"/>
  <testcase classname="TestNGFramwork.TestNGSevenPm.MultipleInputs" name="googlePage" time="11.047"/>
  <testcase classname="TestNGFramwork.TestNGSevenPm.MultipleInputs" name="googlePage" time="8.33"/>
  <testcase classname="TestNGFramwork.TestNGSevenPm.MultipleInputs" name="googlePage" time="7.15"/>
  <testcase classname="TestNGFramwork.TestNGSevenPm.MultipleInputs" name="googlePage" time="2.167">
    <skipped/>
  </testcase> <!-- googlePage -->
  <testcase classname="TestNGFramwork.TestNGSevenPm.MultipleInputs" name="googlePage" time="15.915"/>
  <testcase classname="TestNGFramwork.TestNGSevenPm.MultipleInputs" name="googlePage" time="6.902"/>
  <testcase classname="TestNGFramwork.TestNGSevenPm.MultipleInputs" name="googlePage" time="7.95"/>
  <testcase classname="TestNGFramwork.TestNGSevenPm.MultipleInputs" name="googlePage" time="7.787"/>
  <testcase classname="TestNGFramwork.TestNGSevenPm.MultipleInputs" name="googlePage" time="8.225"/>
  <testcase classname="TestNGFramwork.TestNGSevenPm.AssertionTest" name="test1" time="0.002">
    <skipped/>
  </testcase> <!-- test1 -->
  <testcase classname="TestNGFramwork.TestNGSevenPm.AssertionTest" name="test1" time="0.002">
    <skipped/>
  </testcase> <!-- test1 -->
  <testcase classname="TestNGFramwork.TestNGSevenPm.AssertionTest" name="test1" time="0.004">
    <skipped/>
  </testcase> <!-- test1 -->
  <testcase classname="TestNGFramwork.TestNGSevenPm.AssertionTest" name="test1" time="0.002">
    <failure type="java.lang.AssertionError" message="expected [Selenium ] but found [Java]">
      <![CDATA[java.lang.AssertionError: expected [Selenium ] but found [Java]
at TestNGFramwork.TestNGSevenPm.AssertionTest.test1(AssertionTest.java:20)
... Removed 31 stack frames]]>
    </failure>
  </testcase> <!-- test1 -->
  <testcase classname="TestNGFramwork.TestNGSevenPm.AssertionTest" name="test2" time="0.003"/>
  <testcase classname="TestNGFramwork.TestNGSevenPm.AssertionTest" name="test3" time="0.01">
    <skipped/>
  </testcase> <!-- test3 -->
  <testcase classname="TestNGFramwork.TestNGSevenPm.AssertionTest" name="test3" time="0.001">
    <skipped/>
  </testcase> <!-- test3 -->
  <testcase classname="TestNGFramwork.TestNGSevenPm.AssertionTest" name="test3" time="0.002">
    <skipped/>
  </testcase> <!-- test3 -->
  <testcase classname="TestNGFramwork.TestNGSevenPm.AssertionTest" name="test3" time="0.001">
    <failure type="java.lang.AssertionError" message="The following asserts failed:
	expected [TestNG] but found [Cucumber]">
      <![CDATA[java.lang.AssertionError: The following asserts failed:
expected [TestNG] but found [Cucumber]
at TestNGFramwork.TestNGSevenPm.AssertionTest.test3(AssertionTest.java:49)
... Removed 26 stack frames]]>
    </failure>
  </testcase> <!-- test3 -->
  <testcase classname="TestNGFramwork.TestNGSevenPm.AssertionTest" name="test4" time="0.002"/>
  <testcase classname="TestNGFramwork.TestNGSevenPm.PrioritizingTheTestCases" name="browserLaunch" time="0.001"/>
  <testcase classname="TestNGFramwork.TestNGSevenPm.PrioritizingTheTestCases" name="loginButton" time="0.001"/>
  <testcase classname="TestNGFramwork.TestNGSevenPm.PrioritizingTheTestCases" name="loginCredentials" time="0.008"/>
  <testcase classname="TestNGFramwork.TestNGSevenPm.PrioritizingTheTestCases" name="teardown" time="0.001"/>
  <testcase classname="TestNGFramwork.TestNGSevenPm.PrioritizingTheTestCases" name="urlAddress" time="0.004"/>
  <testcase classname="TestNGFramwork.TestNGSevenPm.PrioritizingTheTestCases" name="verifyingTheLogin" time="0.002"/>
</testsuite> <!-- Test -->
